
> clacky@0.1.0 dev
> next dev

   ▲ Next.js 15.2.4
   - Local:        http://localhost:3000
   - Network:      http://192.168.108.203:3000
   - Environments: .env.local

 ✓ Starting...
 ✓ Ready in 1642ms
 ○ Compiling / ...
 ✓ Compiled / in 2s (759 modules)
 HEAD / 200 in 2261ms
 GET / 200 in 795ms
 ✓ Compiled in 340ms (339 modules)
 ○ Compiling /cognitive-archaeology ...
 ✓ Compiled /cognitive-archaeology in 2.9s (1894 modules)
 GET /cognitive-archaeology 200 in 3235ms
 ✓ Compiled in 179ms (909 modules)
 GET / 200 in 40ms
 GET /cognitive-archaeology 200 in 42ms
 GET /cognitive-archaeology 200 in 40ms
 ✓ Compiled in 239ms (1908 modules)
 GET /cognitive-archaeology 200 in 79ms
 GET / 200 in 80ms
 ✓ Compiled in 261ms (1908 modules)
 GET /cognitive-archaeology 200 in 43ms
 GET / 200 in 44ms
 GET /cognitive-archaeology 200 in 12ms
 ✓ Compiled in 151ms (909 modules)
 GET /cognitive-archaeology 200 in 52ms
 GET /cognitive-archaeology 200 in 55ms
 GET /cognitive-archaeology 200 in 181ms
 ○ Compiling /_not-found ...
 ✓ Compiled /_not-found in 588ms (1912 modules)
 GET /.well-known/appspecific/com.chrome.devtools.json 404 in 671ms
 GET /cognitive-archaeology 200 in 21ms
 GET /cognitive-archaeology 200 in 91ms
 GET /cognitive-archaeology 200 in 89ms
 ✓ Compiled in 325ms (909 modules)
 GET /cognitive-archaeology 200 in 121ms
 GET /cognitive-archaeology 200 in 111ms
 ✓ Compiled in 448ms (1906 modules)
 GET /cognitive-archaeology 200 in 45ms
 GET /cognitive-archaeology 200 in 45ms
 GET /cognitive-archaeology 200 in 226ms
 GET /cognitive-archaeology 200 in 104ms
 GET /cognitive-archaeology 200 in 45ms
 GET /cognitive-archaeology 200 in 37ms
 ✓ Compiled in 207ms (908 modules)
 GET /cognitive-archaeology 200 in 83ms
 GET /cognitive-archaeology 200 in 97ms
 GET /cognitive-archaeology 200 in 97ms
 GET /cognitive-archaeology 200 in 98ms
 GET /cognitive-archaeology 200 in 123ms
 GET /cognitive-archaeology 200 in 168ms
 ✓ Compiled in 162ms (908 modules)
 GET /cognitive-archaeology 200 in 42ms
 GET /cognitive-archaeology 200 in 54ms
 GET /cognitive-archaeology 200 in 62ms
 GET /cognitive-archaeology 200 in 115ms
 GET /cognitive-archaeology 200 in 97ms
 GET /cognitive-archaeology 200 in 39ms
 ✓ Compiled in 153ms (908 modules)
 GET /cognitive-archaeology 200 in 90ms
 GET /cognitive-archaeology 200 in 86ms
 GET /cognitive-archaeology 200 in 79ms
 GET /cognitive-archaeology 200 in 79ms
 GET /cognitive-archaeology 200 in 89ms
 GET /cognitive-archaeology 200 in 64ms
 ✓ Compiled in 138ms (908 modules)
 GET /cognitive-archaeology 200 in 151ms
 GET /cognitive-archaeology 200 in 234ms
 ✓ Compiled in 264ms (908 modules)
 GET /cognitive-archaeology 200 in 159ms
 GET /cognitive-archaeology 200 in 168ms
 GET /cognitive-archaeology 200 in 101ms
 GET /cognitive-archaeology 200 in 120ms
 GET /cognitive-archaeology 200 in 56ms
 GET /cognitive-archaeology 200 in 64ms
 GET /cognitive-archaeology 200 in 50ms
 GET /cognitive-archaeology 200 in 46ms
 GET /cognitive-archaeology 200 in 38ms
 GET /cognitive-archaeology 200 in 38ms
 ✓ Compiled in 113ms (908 modules)
 GET /cognitive-archaeology 200 in 38ms
 GET /cognitive-archaeology 200 in 52ms
 GET /cognitive-archaeology 200 in 44ms
 GET /cognitive-archaeology 200 in 65ms
 GET /cognitive-archaeology 200 in 107ms
 GET /cognitive-archaeology 200 in 185ms
 ✓ Compiled in 168ms (908 modules)
 GET /cognitive-archaeology 200 in 40ms
 GET /cognitive-archaeology 200 in 40ms
 GET /cognitive-archaeology 200 in 31ms
 GET /cognitive-archaeology 200 in 47ms
 GET /cognitive-archaeology 200 in 80ms
 GET /cognitive-archaeology 200 in 47ms
 ✓ Compiled in 105ms (908 modules)
 GET /cognitive-archaeology 200 in 31ms
 GET /cognitive-archaeology 200 in 47ms
 GET /cognitive-archaeology 200 in 48ms
 GET /cognitive-archaeology 200 in 21ms
 GET /cognitive-archaeology 200 in 43ms
 GET /cognitive-archaeology 200 in 128ms
 ✓ Compiled in 238ms (908 modules)
 GET /cognitive-archaeology 200 in 82ms
 GET /cognitive-archaeology 200 in 85ms
 GET /cognitive-archaeology 200 in 58ms
 GET /cognitive-archaeology 200 in 69ms
 GET /cognitive-archaeology 200 in 109ms
 GET /cognitive-archaeology 200 in 77ms
 ✓ Compiled in 97ms (908 modules)
 GET /cognitive-archaeology 200 in 28ms
 GET /cognitive-archaeology 200 in 28ms
 GET /cognitive-archaeology 200 in 41ms
 GET /cognitive-archaeology 200 in 57ms
 GET /cognitive-archaeology 200 in 71ms
 GET /cognitive-archaeology 200 in 81ms
 ✓ Compiled in 97ms (908 modules)
 GET /cognitive-archaeology 200 in 63ms
 GET /cognitive-archaeology 200 in 65ms
 GET /cognitive-archaeology 200 in 101ms
 GET /cognitive-archaeology 200 in 100ms
 GET /cognitive-archaeology 200 in 110ms
 GET /cognitive-archaeology 200 in 54ms
 ✓ Compiled in 102ms (908 modules)
 GET /cognitive-archaeology 200 in 41ms
 GET /cognitive-archaeology 200 in 65ms
 GET /cognitive-archaeology 200 in 40ms
 GET /cognitive-archaeology 200 in 41ms
 GET /cognitive-archaeology 200 in 78ms
 GET /cognitive-archaeology 200 in 107ms
 ✓ Compiled in 110ms (908 modules)
 GET /cognitive-archaeology 200 in 96ms
 GET /cognitive-archaeology 200 in 110ms
 GET /cognitive-archaeology 200 in 118ms
 GET /cognitive-archaeology 200 in 168ms
 GET /cognitive-archaeology 200 in 147ms
 GET /cognitive-archaeology 200 in 52ms
 ✓ Compiled in 173ms (908 modules)
 GET /cognitive-archaeology 200 in 49ms
 GET /cognitive-archaeology 200 in 62ms
 GET /cognitive-archaeology 200 in 83ms
 GET /cognitive-archaeology 200 in 111ms
 GET /cognitive-archaeology 200 in 92ms
 GET /cognitive-archaeology 200 in 98ms
 ✓ Compiled in 109ms (908 modules)
 GET /cognitive-archaeology 200 in 15ms
 GET /cognitive-archaeology 200 in 84ms
 GET /cognitive-archaeology 200 in 174ms
 GET /cognitive-archaeology 200 in 187ms
 GET /cognitive-archaeology 200 in 174ms
 ✓ Compiled in 228ms (908 modules)
 GET /cognitive-archaeology 200 in 90ms
 GET /cognitive-archaeology 200 in 45ms
 GET /cognitive-archaeology 200 in 53ms
 GET /cognitive-archaeology 200 in 68ms
 GET /cognitive-archaeology 200 in 130ms
 ✓ Compiled in 111ms (908 modules)
 GET /cognitive-archaeology 200 in 38ms
 GET /cognitive-archaeology 200 in 43ms
 GET /cognitive-archaeology 200 in 29ms
 GET /cognitive-archaeology 200 in 37ms
 ✓ Compiled in 149ms (908 modules)
 GET /cognitive-archaeology 200 in 49ms
 GET /cognitive-archaeology 200 in 49ms
 GET /cognitive-archaeology 200 in 24ms
 GET /cognitive-archaeology 200 in 18ms
 ✓ Compiled in 648ms (908 modules)
 GET /cognitive-archaeology 200 in 241ms
 GET /cognitive-archaeology 200 in 289ms
 GET /cognitive-archaeology 200 in 231ms
 GET /cognitive-archaeology 200 in 181ms
 ✓ Compiled in 145ms (908 modules)
 GET /cognitive-archaeology 200 in 30ms
 GET /cognitive-archaeology 200 in 34ms
 GET /cognitive-archaeology 200 in 30ms
 GET /cognitive-archaeology 200 in 47ms
 ✓ Compiled in 337ms (908 modules)
 GET /cognitive-archaeology 200 in 63ms
 GET /cognitive-archaeology 200 in 66ms
 GET /cognitive-archaeology 200 in 79ms
 GET /cognitive-archaeology 200 in 194ms
 ✓ Compiled in 98ms (908 modules)
 GET /cognitive-archaeology 200 in 34ms
 GET /cognitive-archaeology 200 in 46ms
 GET /cognitive-archaeology 200 in 19ms
 GET /cognitive-archaeology 200 in 26ms
 ✓ Compiled in 110ms (908 modules)
 GET /cognitive-archaeology 200 in 51ms
 GET /cognitive-archaeology 200 in 50ms
 GET /cognitive-archaeology 200 in 27ms
 GET /cognitive-archaeology 200 in 44ms
 ✓ Compiled in 136ms (908 modules)
 GET /cognitive-archaeology 200 in 62ms
 GET /cognitive-archaeology 200 in 64ms
 GET /cognitive-archaeology 200 in 38ms
 GET /cognitive-archaeology 200 in 68ms
 ✓ Compiled in 177ms (908 modules)
 GET /cognitive-archaeology 200 in 56ms
 GET /cognitive-archaeology 200 in 75ms
 GET /cognitive-archaeology 200 in 37ms
 GET /cognitive-archaeology 200 in 36ms
 ✓ Compiled in 3.4s (908 modules)
 GET /cognitive-archaeology 200 in 1050ms
 GET /cognitive-archaeology 200 in 1050ms
 GET /cognitive-archaeology 200 in 1379ms
 GET /cognitive-archaeology 200 in 171ms
 ✓ Compiled in 1845ms (908 modules)
 GET /cognitive-archaeology 200 in 539ms
 GET /cognitive-archaeology 200 in 644ms
 GET /cognitive-archaeology 200 in 1305ms
 GET /cognitive-archaeology 200 in 1183ms
 ✓ Compiled in 1462ms (908 modules)
 GET /cognitive-archaeology 200 in 563ms
 GET /cognitive-archaeology 200 in 563ms
 GET /cognitive-archaeology 200 in 2062ms
 GET /cognitive-archaeology 200 in 562ms
 ✓ Compiled in 233ms (908 modules)
 GET /cognitive-archaeology 200 in 105ms
 GET /cognitive-archaeology 200 in 108ms
 GET /cognitive-archaeology 200 in 40ms
 GET /cognitive-archaeology 200 in 135ms
 ✓ Compiled in 122ms (908 modules)
 GET /cognitive-archaeology 200 in 55ms
 GET /cognitive-archaeology 200 in 60ms
 GET /cognitive-archaeology 200 in 46ms
 GET /cognitive-archaeology 200 in 40ms
 ✓ Compiled in 163ms (908 modules)
 GET /cognitive-archaeology 200 in 48ms
 GET /cognitive-archaeology 200 in 61ms
 GET /cognitive-archaeology 200 in 88ms
 GET /cognitive-archaeology 200 in 79ms
 ✓ Compiled in 145ms (908 modules)
 GET /cognitive-archaeology 200 in 72ms
 GET /cognitive-archaeology 200 in 125ms
 GET /cognitive-archaeology 200 in 150ms
 GET /cognitive-archaeology 200 in 109ms
 ✓ Compiled in 121ms (908 modules)
 GET /cognitive-archaeology 200 in 35ms
 GET /cognitive-archaeology 200 in 52ms
 GET /cognitive-archaeology 200 in 47ms
 GET /cognitive-archaeology 200 in 19ms
 ✓ Compiled in 93ms (908 modules)
 GET /cognitive-archaeology 200 in 73ms
 GET /cognitive-archaeology 200 in 72ms
 GET /cognitive-archaeology 200 in 81ms
 GET /cognitive-archaeology 200 in 82ms
 ✓ Compiled in 99ms (908 modules)
 GET /cognitive-archaeology 200 in 23ms
 GET /cognitive-archaeology 200 in 27ms
 GET /cognitive-archaeology 200 in 21ms
 GET /cognitive-archaeology 200 in 98ms
 ✓ Compiled in 100ms (908 modules)
 GET /cognitive-archaeology 200 in 25ms
 GET /cognitive-archaeology 200 in 33ms
 GET /cognitive-archaeology 200 in 33ms
 GET /cognitive-archaeology 200 in 56ms
 ✓ Compiled in 96ms (908 modules)
 GET /cognitive-archaeology 200 in 35ms
 GET /cognitive-archaeology 200 in 28ms
 GET /cognitive-archaeology 200 in 31ms
 GET /cognitive-archaeology 200 in 46ms
 ✓ Compiled in 94ms (908 modules)
 GET /cognitive-archaeology 200 in 52ms
 GET /cognitive-archaeology 200 in 61ms
 GET /cognitive-archaeology 200 in 35ms
 GET /cognitive-archaeology 200 in 40ms
 ✓ Compiled in 87ms (908 modules)
 GET /cognitive-archaeology 200 in 31ms
 GET /cognitive-archaeology 200 in 38ms
 GET /cognitive-archaeology 200 in 31ms
 GET /cognitive-archaeology 200 in 48ms
 ✓ Compiled in 223ms (908 modules)
 ✓ Compiled in 123ms (908 modules)
 ✓ Compiled in 114ms (908 modules)
 ✓ Compiled in 119ms (908 modules)
 GET /cognitive-archaeology 200 in 78ms
 ✓ Compiled in 671ms (1906 modules)
 GET /cognitive-archaeology 200 in 43ms
 ✓ Compiled in 175ms (1906 modules)
 GET /cognitive-archaeology 200 in 33ms
 ✓ Compiled in 187ms (1906 modules)
 GET /cognitive-archaeology 200 in 22ms
 ✓ Compiled in 120ms (908 modules)
 GET /cognitive-archaeology 200 in 7ms
 GET /cognitive-archaeology 200 in 307ms
 ✓ Compiled in 130ms (908 modules)
 GET /cognitive-archaeology 200 in 23ms
 GET /cognitive-archaeology 200 in 13ms
 ✓ Compiled in 97ms (908 modules)
 GET /cognitive-archaeology 200 in 7ms
 GET /cognitive-archaeology 200 in 10ms
 ✓ Compiled in 86ms (908 modules)
 GET /cognitive-archaeology 200 in 12ms
 GET /cognitive-archaeology 200 in 12ms
 ✓ Compiled in 85ms (908 modules)
 GET /cognitive-archaeology 200 in 13ms
 GET /cognitive-archaeology 200 in 15ms
 ✓ Compiled in 98ms (908 modules)
 GET /cognitive-archaeology 200 in 7ms
 GET /cognitive-archaeology 200 in 6ms
 ✓ Compiled in 90ms (908 modules)
 GET /cognitive-archaeology 200 in 23ms
 GET /cognitive-archaeology 200 in 23ms
 GET /cognitive-archaeology 200 in 64ms
 ✓ Compiled in 122ms (908 modules)
 GET /cognitive-archaeology 200 in 17ms
 GET /cognitive-archaeology 200 in 18ms
 GET /cognitive-archaeology 200 in 10ms
 ✓ Compiled in 125ms (908 modules)
 GET /cognitive-archaeology 200 in 55ms
 GET /cognitive-archaeology 200 in 21ms
 GET /cognitive-archaeology 200 in 32ms
 ✓ Compiled in 135ms (908 modules)
 GET /cognitive-archaeology 200 in 57ms
 GET /cognitive-archaeology 200 in 64ms
 GET /cognitive-archaeology 200 in 33ms
 ✓ Compiled in 91ms (908 modules)
 GET /cognitive-archaeology 200 in 10ms
 GET /cognitive-archaeology 200 in 11ms
 GET /cognitive-archaeology 200 in 12ms
 ✓ Compiled in 81ms (908 modules)
 GET /cognitive-archaeology 200 in 22ms
 GET /cognitive-archaeology 200 in 26ms
 GET /cognitive-archaeology 200 in 71ms
 ✓ Compiled in 167ms (908 modules)
 GET /cognitive-archaeology 200 in 30ms
 GET /cognitive-archaeology 200 in 13ms
 GET /cognitive-archaeology 200 in 11ms
 ✓ Compiled in 140ms (908 modules)
 GET /cognitive-archaeology 200 in 25ms
 GET /cognitive-archaeology 200 in 7ms
 GET /cognitive-archaeology 200 in 7ms
 ✓ Compiled in 92ms (908 modules)
 GET /cognitive-archaeology 200 in 11ms
 GET /cognitive-archaeology 200 in 12ms
 GET /cognitive-archaeology 200 in 9ms
 ✓ Compiled in 84ms (908 modules)
 GET /cognitive-archaeology 200 in 11ms
 GET /cognitive-archaeology 200 in 17ms
 GET /cognitive-archaeology 200 in 11ms
 ✓ Compiled in 92ms (908 modules)
 GET /cognitive-archaeology 200 in 56ms
 GET /cognitive-archaeology 200 in 31ms
 GET /cognitive-archaeology 200 in 21ms
 ✓ Compiled in 178ms (908 modules)
 GET /cognitive-archaeology 200 in 50ms
 GET /cognitive-archaeology 200 in 22ms
 GET /cognitive-archaeology 200 in 8ms
 ✓ Compiled in 91ms (908 modules)
 GET /cognitive-archaeology 200 in 18ms
 GET /cognitive-archaeology 200 in 14ms
 GET /cognitive-archaeology 200 in 14ms
 ✓ Compiled in 116ms (908 modules)
 GET /cognitive-archaeology 200 in 41ms
 GET /cognitive-archaeology 200 in 17ms
 GET /cognitive-archaeology 200 in 9ms
 ✓ Compiled in 91ms (908 modules)
 GET /cognitive-archaeology 200 in 10ms
 GET /cognitive-archaeology 200 in 14ms
 GET /cognitive-archaeology 200 in 10ms
 ✓ Compiled in 79ms (908 modules)
 GET /cognitive-archaeology 200 in 14ms
 GET /cognitive-archaeology 200 in 18ms
 GET /cognitive-archaeology 200 in 43ms
 GET /cognitive-archaeology 200 in 53ms
 ✓ Compiled in 162ms (908 modules)
 GET /cognitive-archaeology 200 in 31ms
 GET /cognitive-archaeology 200 in 19ms
 GET /cognitive-archaeology 200 in 25ms
 GET /cognitive-archaeology 200 in 15ms
 ✓ Compiled in 124ms (908 modules)
 GET /cognitive-archaeology 200 in 22ms
 GET /cognitive-archaeology 200 in 25ms
 GET /cognitive-archaeology 200 in 12ms
 GET /cognitive-archaeology 200 in 17ms
 ✓ Compiled in 92ms (908 modules)
 GET /cognitive-archaeology 200 in 15ms
 GET /cognitive-archaeology 200 in 13ms
 GET /cognitive-archaeology 200 in 20ms
 GET /cognitive-archaeology 200 in 13ms
 GET /cognitive-archaeology?sessionId=68926ce85e88168885b39a08 200 in 37ms
 ✓ Compiled in 220ms (908 modules)
 GET /cognitive-archaeology 200 in 82ms
 GET /cognitive-archaeology?sessionId=68926ce85e88168885b39a08 200 in 83ms
 ✓ Compiled in 183ms (908 modules)
 GET /cognitive-archaeology 200 in 80ms
 GET /cognitive-archaeology 200 in 37ms
 GET /cognitive-archaeology?sessionId=68926ce85e88168885b39a08 200 in 29ms
 GET /cognitive-archaeology 200 in 31ms
 GET /cognitive-archaeology 200 in 18ms
 GET /cognitive-archaeology 200 in 16ms
 GET /cognitive-archaeology 200 in 16ms
 GET /cognitive-archaeology 200 in 22ms
 GET /cognitive-archaeology?sessionId=68926ce85e88168885b39a08 200 in 44ms
 ✓ Compiled in 192ms (908 modules)
 GET /cognitive-archaeology 200 in 33ms
 GET /cognitive-archaeology?sessionId=68926ce85e88168885b39a08 200 in 40ms
 GET /cognitive-archaeology 200 in 32ms
 GET /cognitive-archaeology 200 in 16ms
 GET /cognitive-archaeology 200 in 31ms
 ✓ Compiled in 147ms (908 modules)
 GET /cognitive-archaeology 200 in 51ms
 GET /cognitive-archaeology?sessionId=68926ce85e88168885b39a08 200 in 53ms
 GET /cognitive-archaeology 200 in 20ms
 GET /cognitive-archaeology 200 in 30ms
 GET /cognitive-archaeology 200 in 24ms
 ✓ Compiled in 107ms (908 modules)
 GET /cognitive-archaeology 200 in 24ms
 GET /cognitive-archaeology?sessionId=68926ce85e88168885b39a08 200 in 37ms
 GET /cognitive-archaeology 200 in 27ms
 GET /cognitive-archaeology 200 in 36ms
 GET /cognitive-archaeology 200 in 24ms
 ✓ Compiled in 98ms (908 modules)
 GET /cognitive-archaeology 200 in 44ms
 GET /cognitive-archaeology?sessionId=68926ce85e88168885b39a08 200 in 55ms
 GET /cognitive-archaeology 200 in 58ms
 GET /cognitive-archaeology 200 in 83ms
 GET /cognitive-archaeology 200 in 60ms
 ✓ Compiled in 99ms (908 modules)
 GET /cognitive-archaeology?sessionId=68926ce85e88168885b39a08 200 in 79ms
 GET /cognitive-archaeology 200 in 80ms
 ✓ Compiled in 142ms (908 modules)
 GET /cognitive-archaeology 200 in 99ms
 GET /cognitive-archaeology 200 in 27ms
 GET /cognitive-archaeology?sessionId=68926ce85e88168885b39a08 200 in 37ms
 GET /cognitive-archaeology 200 in 20ms
 GET /cognitive-archaeology 200 in 20ms
 GET /cognitive-archaeology 200 in 11ms
 GET /cognitive-archaeology 200 in 11ms
 GET /cognitive-archaeology 200 in 45ms
 ✓ Compiled in 93ms (908 modules)
 GET /cognitive-archaeology 200 in 18ms
 GET /cognitive-archaeology?sessionId=68926ce85e88168885b39a08 200 in 17ms
 GET /cognitive-archaeology 200 in 19ms
 GET /cognitive-archaeology 200 in 21ms
 GET /cognitive-archaeology 200 in 24ms
 ✓ Compiled in 110ms (908 modules)
 GET /cognitive-archaeology 200 in 27ms
 GET /cognitive-archaeology?sessionId=68926ce85e88168885b39a08 200 in 27ms
 GET /cognitive-archaeology 200 in 15ms
 GET /cognitive-archaeology 200 in 15ms
 GET /cognitive-archaeology 200 in 21ms
 ✓ Compiled in 88ms (908 modules)
 GET /cognitive-archaeology?sessionId=68926ce85e88168885b39a08 200 in 32ms
 GET /cognitive-archaeology 200 in 40ms
 GET /cognitive-archaeology 200 in 22ms
 GET /cognitive-archaeology 200 in 15ms
 GET /cognitive-archaeology 200 in 51ms
 ✓ Compiled in 83ms (908 modules)
 GET /cognitive-archaeology?sessionId=68926ce85e88168885b39a08 200 in 17ms
 GET /cognitive-archaeology 200 in 21ms
 GET /cognitive-archaeology 200 in 23ms
 GET /cognitive-archaeology 200 in 15ms
 GET /cognitive-archaeology 200 in 15ms
 ✓ Compiled in 83ms (908 modules)
 GET /cognitive-archaeology?sessionId=68926ce85e88168885b39a08 200 in 77ms
 GET /cognitive-archaeology 200 in 78ms
 ✓ Compiled in 152ms (908 modules)
 GET /cognitive-archaeology 200 in 110ms
 GET /cognitive-archaeology 200 in 58ms
 GET /cognitive-archaeology?sessionId=68926ce85e88168885b39a08 200 in 28ms
 GET /cognitive-archaeology 200 in 22ms
 GET /cognitive-archaeology 200 in 20ms
 GET /cognitive-archaeology 200 in 18ms
 GET /cognitive-archaeology 200 in 10ms
 GET /cognitive-archaeology 200 in 30ms
 ✓ Compiled in 160ms (908 modules)
 GET /cognitive-archaeology 200 in 41ms
 GET /cognitive-archaeology?sessionId=68926ce85e88168885b39a08 200 in 46ms
 GET /cognitive-archaeology 200 in 38ms
 GET /cognitive-archaeology 200 in 19ms
 GET /cognitive-archaeology 200 in 52ms
 ✓ Compiled in 101ms (908 modules)
 GET /cognitive-archaeology 200 in 109ms
 GET /cognitive-archaeology?sessionId=68926ce85e88168885b39a08 200 in 109ms
 ✓ Compiled in 156ms (908 modules)
 GET /cognitive-archaeology 200 in 80ms
 GET /cognitive-archaeology 200 in 37ms
 GET /cognitive-archaeology?sessionId=68926ce85e88168885b39a08 200 in 42ms
 GET /cognitive-archaeology 200 in 44ms
 GET /cognitive-archaeology 200 in 42ms
 GET /cognitive-archaeology 200 in 57ms
 GET /cognitive-archaeology 200 in 50ms
 GET /cognitive-archaeology 200 in 47ms
 ✓ Compiled in 103ms (908 modules)
 GET /cognitive-archaeology?sessionId=68926ce85e88168885b39a08 200 in 18ms
 GET /cognitive-archaeology 200 in 24ms
 GET /cognitive-archaeology 200 in 31ms
 GET /cognitive-archaeology 200 in 18ms
 GET /cognitive-archaeology 200 in 28ms
 ✓ Compiled in 91ms (908 modules)
 GET /cognitive-archaeology?sessionId=68926ce85e88168885b39a08 200 in 24ms
 GET /cognitive-archaeology 200 in 26ms
 GET /cognitive-archaeology 200 in 35ms
 GET /cognitive-archaeology 200 in 39ms
 GET /cognitive-archaeology 200 in 46ms
 ✓ Compiled in 91ms (908 modules)
 GET /cognitive-archaeology 200 in 21ms
 GET /cognitive-archaeology?sessionId=68926ce85e88168885b39a08 200 in 21ms
 GET /cognitive-archaeology 200 in 23ms
 GET /cognitive-archaeology 200 in 26ms
 GET /cognitive-archaeology 200 in 28ms
 ✓ Compiled in 230ms (908 modules)
 GET /cognitive-archaeology?sessionId=68926ce85e88168885b39a08 200 in 33ms
 GET /cognitive-archaeology 200 in 35ms
 GET /cognitive-archaeology 200 in 26ms
 GET /cognitive-archaeology 200 in 27ms
 GET /cognitive-archaeology 200 in 22ms
 ✓ Compiled in 168ms (908 modules)
 GET /cognitive-archaeology?sessionId=68926ce85e88168885b39a08 200 in 33ms
 GET /cognitive-archaeology 200 in 33ms
 GET /cognitive-archaeology 200 in 29ms
 GET /cognitive-archaeology 200 in 25ms
 GET /cognitive-archaeology 200 in 20ms
 ✓ Compiled in 333ms (908 modules)
 GET /cognitive-archaeology?sessionId=68926ce85e88168885b39a08 200 in 355ms
 GET /cognitive-archaeology 200 in 464ms
 GET /cognitive-archaeology 200 in 882ms
 GET /cognitive-archaeology 200 in 95ms
 GET /cognitive-archaeology 200 in 115ms
 ✓ Compiled in 169ms (908 modules)
 GET /cognitive-archaeology?sessionId=68926ce85e88168885b39a08 200 in 57ms
 GET /cognitive-archaeology 200 in 59ms
 GET /cognitive-archaeology 200 in 23ms
 GET /cognitive-archaeology 200 in 18ms
 GET /cognitive-archaeology 200 in 21ms
 ✓ Compiled in 427ms (908 modules)
 GET /cognitive-archaeology?sessionId=68926ce85e88168885b39a08 200 in 210ms
 GET /cognitive-archaeology 200 in 292ms
 GET /cognitive-archaeology 200 in 299ms
 GET /cognitive-archaeology 200 in 353ms
 GET /cognitive-archaeology 200 in 333ms
 ✓ Compiled in 150ms (908 modules)
 GET /cognitive-archaeology 200 in 48ms
 GET /cognitive-archaeology?sessionId=68926ce85e88168885b39a08 200 in 47ms
 GET /cognitive-archaeology 200 in 56ms
 GET /cognitive-archaeology 200 in 106ms
 GET /cognitive-archaeology 200 in 116ms
 ✓ Compiled in 541ms (908 modules)
 GET /cognitive-archaeology 200 in 339ms
 GET /cognitive-archaeology?sessionId=68926ce85e88168885b39a08 200 in 383ms
 GET /cognitive-archaeology 200 in 479ms
 GET /cognitive-archaeology 200 in 564ms
 GET /cognitive-archaeology 200 in 415ms
 ✓ Compiled in 414ms (908 modules)
 GET /cognitive-archaeology 200 in 241ms
 GET /cognitive-archaeology?sessionId=68926ce85e88168885b39a08 200 in 285ms
 GET /cognitive-archaeology 200 in 1479ms
 GET /cognitive-archaeology 200 in 2150ms
 GET /cognitive-archaeology 200 in 217ms
 ✓ Compiled in 190ms (908 modules)
 GET /cognitive-archaeology?sessionId=68926ce85e88168885b39a08 200 in 82ms
 GET /cognitive-archaeology 200 in 84ms
 GET /cognitive-archaeology 200 in 47ms
 GET /cognitive-archaeology 200 in 11ms
 GET /cognitive-archaeology 200 in 12ms
 ✓ Compiled in 140ms (908 modules)
 ✓ Compiled in 139ms (908 modules)
 GET /cognitive-archaeology?sessionId=68926ce85e88168885b39a08 200 in 108ms
 GET /cognitive-archaeology 200 in 115ms
 GET /cognitive-archaeology 200 in 76ms
 GET /cognitive-archaeology?sessionId=68926ce85e88168885b39a08 200 in 51ms
 GET /cognitive-archaeology 200 in 36ms
 GET /cognitive-archaeology 200 in 38ms
 GET /cognitive-archaeology 200 in 59ms
 GET /cognitive-archaeology 200 in 15ms
 GET /cognitive-archaeology 200 in 40ms
 GET /cognitive-archaeology 200 in 39ms
 ✓ Compiled in 113ms (908 modules)
 GET /cognitive-archaeology 200 in 24ms
 GET /cognitive-archaeology?sessionId=68926ce85e88168885b39a08 200 in 24ms
 GET /cognitive-archaeology 200 in 18ms
 GET /cognitive-archaeology 200 in 27ms
 GET /cognitive-archaeology 200 in 40ms
 ✓ Compiled in 252ms (908 modules)
 ✓ Compiled in 259ms (908 modules)
 ✓ Compiled in 149ms (908 modules)
 ✓ Compiled in 146ms (908 modules)
 ✓ Compiled in 206ms (908 modules)
 ✓ Compiled in 124ms (908 modules)
 ✓ Compiled in 177ms (908 modules)
 ✓ Compiled in 943ms (908 modules)
 ✓ Compiled in 1549ms (908 modules)
 ✓ Compiled in 1225ms (908 modules)
 ✓ Compiled in 386ms (908 modules)
 ✓ Compiled in 214ms (908 modules)
 ✓ Compiled in 156ms (908 modules)
 ✓ Compiled in 420ms (908 modules)
 ✓ Compiled in 152ms (908 modules)
 ✓ Compiled in 171ms (908 modules)
